<?xml version="1.0" encoding="UTF-8"?>
<testsuite xmlns:xsi="http://www.w3.org/2001/XMLSchema-instance" xsi:noNamespaceSchemaLocation="https://maven.apache.org/surefire/maven-surefire-plugin/xsd/surefire-test-report.xsd" name="spring_boot_test.TestAllScenario" time="2.712" tests="4" errors="0" skipped="0" failures="0">
  <properties>
[...]
</properties>
  <testcase name="TestAll[1][1]" classname="spring_boot_test.TestAllScenario" time="1.209"/>
  <testcase name="TestAll[1][2]" classname="spring_boot_test.TestAllScenario" time="0.041"/>
  <testcase name="TestAll[1][3]" classname="spring_boot_test.TestAllScenario" time="0.036"/>
  <testcase name="TestAll[1][4]" classname="spring_boot_test.TestAllScenario" time="0.756"/>
</testsuite>