<?xml version="1.0" encoding="UTF-8"?>
<testsuite xmlns:xsi="http://www.w3.org/2001/XMLSchema-instance" xsi:noNamespaceSchemaLocation="https://maven.apache.org/surefire/maven-surefire-plugin/xsd/surefire-test-report.xsd" name="examples.ExamplesTest" time="2.41" tests="1" errors="0" skipped="0" failures="1">
  <properties>
[...]
</properties>
  <testcase name="testParallel" classname="examples.ExamplesTest" time="2.399">
    <failure message="status code was: 200, expected: 300, response time in milliseconds: 37, url: http://localhost:8080/api/v1/person, response: &#10;[{&quot;id&quot;:&quot;0037969c-dd97-4a01-ba5a-6dacdf8a0df7&quot;,&quot;name&quot;:&quot;Geo&quot;},{&quot;id&quot;:&quot;051f4af6-3e8e-42b2-9369-3c850e3d155f&quot;,&quot;name&quot;:&quot;Geodor&quot;}]&#10;classpath:examples/spring/spring.feature:57 ==&gt; expected: &lt;0&gt; but was: &lt;1&gt;" type="org.opentest4j.AssertionFailedError"><![CDATA[org.opentest4j.AssertionFailedError: 
status code was: 200, expected: 300, response time in milliseconds: 37, url: http://localhost:8080/api/v1/person, response: 
[{"id":"0037969c-dd97-4a01-ba5a-6dacdf8a0df7","name":"Geo"},{"id":"051f4af6-3e8e-42b2-9369-3c850e3d155f","name":"Geodor"}]
classpath:examples/spring/spring.feature:57 ==> expected: <0> but was: <1>
	at examples.ExamplesTest.testParallel(ExamplesTest.java:15)
]]></failure>
    <system-out><![CDATA[01:15:19.914 [main] DEBUG com.intuit.karate.Suite - [config] classpath:karate-config.js
01:15:19.918 [main] INFO  com.intuit.karate.Suite - backed up existing 'target\karate-reports' dir to: target\karate-reports_1644858919917
01:15:20.725 [pool-1-thread-1] INFO  com.intuit.karate - karate.env system property was: null 
01:15:21.002 [pool-1-thread-1] DEBUG com.intuit.karate - request:
1 > GET http://localhost:8080/api/v1/person
1 > Host: localhost:8080
1 > Connection: Keep-Alive
1 > User-Agent: Apache-HttpClient/4.5.13 (Java/15.0.2)
1 > Accept-Encoding: gzip,deflate


01:15:21.040 [pool-1-thread-1] DEBUG com.intuit.karate - response time in milliseconds: 37
1 < 200
1 < Content-Type: application/json
1 < Transfer-Encoding: chunked
1 < Date: Mon, 14 Feb 2022 17:15:21 GMT
1 < Keep-Alive: timeout=60
1 < Connection: keep-alive
[{"id":"0037969c-dd97-4a01-ba5a-6dacdf8a0df7","name":"Geo"},{"id":"051f4af6-3e8e-42b2-9369-3c850e3d155f","name":"Geodor"}]
01:15:21.077 [pool-1-thread-1] ERROR com.intuit.karate - classpath:examples/spring/spring.feature:57
Then status 300
status code was: 200, expected: 300, response time in milliseconds: 37, url: http://localhost:8080/api/v1/person, response: 
[{"id":"0037969c-dd97-4a01-ba5a-6dacdf8a0df7","name":"Geo"},{"id":"051f4af6-3e8e-42b2-9369-3c850e3d155f","name":"Geodor"}]
classpath:examples/spring/spring.feature:57
---------------------------------------------------------
feature: classpath:examples/spring/spring.feature
scenarios:  1 | passed:  0 | failed:  1 | time: 0.3182
---------------------------------------------------------

01:15:21.494 [pool-2-thread-1] INFO  com.intuit.karate.Suite - <<fail>> feature 1 of 1 (0 remaining) classpath:examples/spring/spring.feature
Karate version: 1.1.0
======================================================
elapsed:   2.04 | threads:    5 | thread time: 0.32 
features:     1 | skipped:    0 | efficiency: 0.03
scenarios:    1 | passed:     0 | failed: 1
======================================================
>>> failed features:
status code was: 200, expected: 300, response time in milliseconds: 37, url: http://localhost:8080/api/v1/person, response: 
[{"id":"0037969c-dd97-4a01-ba5a-6dacdf8a0df7","name":"Geo"},{"id":"051f4af6-3e8e-42b2-9369-3c850e3d155f","name":"Geodor"}]
classpath:examples/spring/spring.feature:57
<<<

HTML report: (paste into browser to view) | Karate version: 1.1.0
file:///C:/Users/Administrator/Desktop/Programming/Karate/karate-practice/target/karate-reports/karate-summary.html
===================================================================

]]></system-out>
  </testcase>
</testsuite>